/*C8*/SET SCHEMA PUBLIC
INSERT INTO PLAYERS VALUES('Leona','Nov 21, 2012 9:10:08 PM',750,499,251,200000,80.0E0,30000000,500,120,800,100000,2000000,1000000.0E0)
COMMIT
INSERT INTO PLAYERACHIEVEMENTS VALUES(22,'Leona',TRUE,TRUE,FALSE,FALSE)
COMMIT
INSERT INTO PLAYERS VALUES('Diana','Nov 21, 2012 9:10:08 PM',999,600,399,350000,75.0E0,40050000,666,333,456,100000,2000000,1000000.0E0)
COMMIT
INSERT INTO PLAYERACHIEVEMENTS VALUES(23,'Diana',TRUE,TRUE,FALSE,TRUE)
COMMIT
INSERT INTO PLAYERS VALUES('Irelia','Nov 21, 2012 9:10:08 PM',100,50,50,1000,70.0E0,700,120,40,400,50,250,50000.0E0)
COMMIT
INSERT INTO PLAYERACHIEVEMENTS VALUES(24,'Irelia',FALSE,TRUE,FALSE,FALSE)
COMMIT
INSERT INTO PLAYERS VALUES('Riven','Nov 21, 2012 9:10:08 PM',20,5,15,600,60.0E0,360,120,40,400,50,250,50000.0E0)
COMMIT
INSERT INTO PLAYERACHIEVEMENTS VALUES(25,'Riven',FALSE,FALSE,FALSE,FALSE)
COMMIT
DISCONNECT
/*C9*/SET SCHEMA PUBLIC
DISCONNECT
/*C10*/SET SCHEMA PUBLIC
DISCONNECT
/*C11*/SET SCHEMA PUBLIC
DISCONNECT
/*C12*/SET SCHEMA PUBLIC
DISCONNECT
/*C13*/SET SCHEMA PUBLIC
DELETE FROM PLAYERS WHERE USERNAME='Leona'
COMMIT
DELETE FROM PLAYERS WHERE USERNAME='Diana'
COMMIT
DELETE FROM PLAYERS WHERE USERNAME='Irelia'
COMMIT
DELETE FROM PLAYERS WHERE USERNAME='Riven'
COMMIT
DELETE FROM PLAYERACHIEVEMENTS WHERE ACHIEVEID=22
COMMIT
DELETE FROM PLAYERACHIEVEMENTS WHERE ACHIEVEID=23
COMMIT
DELETE FROM PLAYERACHIEVEMENTS WHERE ACHIEVEID=24
COMMIT
DELETE FROM PLAYERACHIEVEMENTS WHERE ACHIEVEID=25
COMMIT
DISCONNECT
